<?xml version="1.0" encoding="UTF-8"?>
<!-- Generated by org.testng.reporters.JUnitReportReporter -->
<testsuite hostname="a-0d60a2f203f14" name="com.qtpselenium.suiteB.TestCase_B1" tests="1" failures="0" timestamp="11 Nov 2011 14:13:24 GMT" time="0.000" errors="0">
  <testcase name="testcaseB1" time="0.000" classname="com.qtpselenium.suiteB.TestCase_B1"/>
</testsuite>
