<?xml version="1.0" encoding="UTF-8"?>
<!-- Generated by org.testng.reporters.JUnitReportReporter -->
<testsuite hostname="a-0d60a2f203f14" name="test.xxx" tests="1" failures="0" timestamp="11 Nov 2011 12:06:06 GMT" time="0.016" errors="0">
  <testcase name="ss" time="0.016" classname="test.xxx"/>
</testsuite>
